0 info it worked if it ends with ok
1 verbose cli [ '/usr/local/bin/node',
1 verbose cli   '/usr/local/bin/npm',
1 verbose cli   'version',
1 verbose cli   'patch' ]
2 info using npm@3.10.3
3 info using node@v6.6.0
4 info git [ 'status', '--porcelain' ]
5 verbose stack Error: Git working directory not clean.
5 verbose stack M .DS_Store
5 verbose stack M all.js
5 verbose stack D dist/README.md
5 verbose stack D dist/app/ext.base.d.ts
5 verbose stack D dist/app/ext.base.js
5 verbose stack D dist/app/ext.button.d.ts
5 verbose stack D dist/app/ext.button.js
5 verbose stack D dist/app/ext.calendar.d.ts
5 verbose stack D dist/app/ext.calendar.js
5 verbose stack D dist/app/ext.calendar_day.d.ts
5 verbose stack D dist/app/ext.calendar_day.js
5 verbose stack D dist/app/ext.calendar_days.d.ts
5 verbose stack D dist/app/ext.calendar_days.js
5 verbose stack D dist/app/ext.calendar_daysheader.d.ts
5 verbose stack D dist/app/ext.calendar_daysheader.js
5 verbose stack D dist/app/ext.calendar_daysview.d.ts
5 verbose stack D dist/app/ext.calendar_daysview.js
5 verbose stack D dist/app/ext.calendar_dayview.d.ts
5 verbose stack D dist/app/ext.calendar_dayview.js
5 verbose stack D dist/app/ext.calendar_event.d.ts
5 verbose stack D dist/app/ext.calendar_event.js
5 verbose stack D dist/app/ext.calendar_form_add.d.ts
5 verbose stack D dist/app/ext.calendar_form_add.js
5 verbose stack D dist/app/ext.calendar_form_edit.d.ts
5 verbose stack D dist/app/ext.calendar_form_edit.js
5 verbose stack D dist/app/ext.calendar_list.d.ts
5 verbose stack D dist/app/ext.calendar_list.js
5 verbose stack D dist/app/ext.calendar_month.d.ts
5 verbose stack D dist/app/ext.calendar_month.js
5 verbose stack D dist/app/ext.calendar_monthview.d.ts
5 verbose stack D dist/app/ext.calendar_monthview.js
5 verbose stack D dist/app/ext.calendar_multiview.d.ts
5 verbose stack D dist/app/ext.calendar_multiview.js
5 verbose stack D dist/app/ext.calendar_week.d.ts
5 verbose stack D dist/app/ext.calendar_week.js
5 verbose stack D dist/app/ext.calendar_weeks.d.ts
5 verbose stack D dist/app/ext.calendar_weeks.js
5 verbose stack D dist/app/ext.calendar_weeksheader.d.ts
5 verbose stack D dist/app/ext.calendar_weeksheader.js
5 verbose stack D dist/app/ext.calendar_weeksview.d.ts
5 verbose stack D dist/app/ext.calendar_weeksview.js
5 verbose stack D dist/app/ext.calendar_weekview.d.ts
5 verbose stack D dist/app/ext.calendar_weekview.js
5 verbose stack D dist/app/ext.carousel.d.ts
5 verbose stack D dist/app/ext.carousel.js
5 verbose stack D dist/app/ext.cartesian.d.ts
5 verbose stack D dist/app/ext.cartesian.js
5 verbose stack D dist/app/ext.checkboxfield.d.ts
5 verbose stack D dist/app/ext.checkboxfield.js
5 verbose stack D dist/app/ext.class.d.ts
5 verbose stack D dist/app/ext.class.js
5 verbose stack D dist/app/ext.component.d.ts
5 verbose stack D dist/app/ext.component.js
5 verbose stack D dist/app/ext.container.d.ts
5 verbose stack D dist/app/ext.container.js
5 verbose stack D dist/app/ext.d.ts
5 verbose stack D dist/app/ext.d3_canvas.d.ts
5 verbose stack D dist/app/ext.d3_canvas.js
5 verbose stack D dist/app/ext.d3_heatmap.d.ts
5 verbose stack D dist/app/ext.d3_heatmap.js
5 verbose stack D dist/app/ext.d3_pack.d.ts
5 verbose stack D dist/app/ext.d3_pack.js
5 verbose stack D dist/app/ext.d3_partition.d.ts
5 verbose stack D dist/app/ext.d3_partition.js
5 verbose stack D dist/app/ext.d3_sunburst.d.ts
5 verbose stack D dist/app/ext.d3_sunburst.js
5 verbose stack D dist/app/ext.d3_treemap.d.ts
5 verbose stack D dist/app/ext.d3_treemap.js
5 verbose stack D dist/app/ext.dataview.d.ts
5 verbose stack D dist/app/ext.dataview.js
5 verbose stack D dist/app/ext.datepicker.d.ts
5 verbose stack D dist/app/ext.datepicker.js
5 verbose stack D dist/app/ext.datepickerfield.d.ts
5 verbose stack D dist/app/ext.datepickerfield.js
5 verbose stack D dist/app/ext.datepickernativefield.d.ts
5 verbose stack D dist/app/ext.datepickernativefield.js
5 verbose stack D dist/app/ext.draw.d.ts
5 verbose stack D dist/app/ext.draw.js
5 verbose stack D dist/app/ext.emailfield.d.ts
5 verbose stack D dist/app/ext.emailfield.js
5 verbose stack D dist/app/ext.field.d.ts
5 verbose stack D dist/app/ext.field.js
5 verbose stack D dist/app/ext.fieldset.d.ts
5 verbose stack D dist/app/ext.fieldset.js
5 verbose stack D dist/app/ext.filefield.d.ts
5 verbose stack D dist/app/ext.filefield.js
5 verbose stack D dist/app/ext.fileinput.d.ts
5 verbose stack D dist/app/ext.fileinput.js
5 verbose stack D dist/app/ext.formpanel.d.ts
5 verbose stack D dist/app/ext.formpanel.js
5 verbose stack D dist/app/ext.gauge.d.ts
5 verbose stack D dist/app/ext.gauge.js
5 verbose stack D dist/app/ext.grid.d.ts
5 verbose stack D dist/app/ext.grid.js
5 verbose stack D dist/app/ext.headercontainer.d.ts
5 verbose stack D dist/app/ext.headercontainer.js
5 verbose stack D dist/app/ext.hiddenfield.d.ts
5 verbose stack D dist/app/ext.hiddenfield.js
5 verbose stack D dist/app/ext.indexbar.d.ts
5 verbose stack D dist/app/ext.indexbar.js
5 verbose stack D dist/app/ext.input.d.ts
5 verbose stack D dist/app/ext.input.js
5 verbose stack D dist/app/ext.interaction.d.ts
5 verbose stack D dist/app/ext.interaction.js
5 verbose stack D dist/app/ext.js
5 verbose stack D dist/app/ext.label.d.ts
5 verbose stack D dist/app/ext.label.js
5 verbose stack D dist/app/ext.list.d.ts
5 verbose stack D dist/app/ext.list.js
5 verbose stack D dist/app/ext.loadmask.d.ts
5 verbose stack D dist/app/ext.loadmask.js
5 verbose stack D dist/app/ext.mask.d.ts
5 verbose stack D dist/app/ext.mask.js
5 verbose stack D dist/app/ext.media.d.ts
5 verbose stack D dist/app/ext.media.js
5 verbose stack D dist/app/ext.menu.d.ts
5 verbose stack D dist/app/ext.menu.js
5 verbose stack D dist/app/ext.messagebox.d.ts
5 verbose stack D dist/app/ext.messagebox.js
5 verbose stack D dist/app/ext.module.d.ts
5 verbose stack D dist/app/ext.module.js
5 verbose stack D dist/app/ext.navigationview.d.ts
5 verbose stack D dist/app/ext.navigationview.js
5 verbose stack D dist/app/ext.nestedlist.d.ts
5 verbose stack D dist/app/ext.nestedlist.js
5 verbose stack D dist/app/ext.ngcomponent.d.ts
5 verbose stack D dist/app/ext.ngcomponent.js
5 verbose stack D dist/app/ext.numberfield.d.ts
5 verbose stack D dist/app/ext.numberfield.js
5 verbose stack D dist/app/ext.pagingtoolbar.d.ts
5 verbose stack D dist/app/ext.pagingtoolbar.js
5 verbose stack D dist/app/ext.panel.d.ts
5 verbose stack D dist/app/ext.panel.js
5 verbose stack D dist/app/ext.panelheader.d.ts
5 verbose stack D dist/app/ext.panelheader.js
5 verbose stack D dist/app/ext.paneltitle.d.ts
5 verbose stack D dist/app/ext.paneltitle.js
5 verbose stack D dist/app/ext.passwordfield.d.ts
5 verbose stack D dist/app/ext.passwordfield.js
5 verbose stack D dist/app/ext.picker.d.ts
5 verbose stack D dist/app/ext.picker.js
5 verbose stack D dist/app/ext.pickerfield.d.ts
5 verbose stack D dist/app/ext.pickerfield.js
5 verbose stack D dist/app/ext.pickerslot.d.ts
5 verbose stack D dist/app/ext.pickerslot.js
5 verbose stack D dist/app/ext.pivotgrid.d.ts
5 verbose stack D dist/app/ext.pivotgrid.js
5 verbose stack D dist/app/ext.pivotrangeeditor.d.ts
5 verbose stack D dist/app/ext.pivotrangeeditor.js
5 verbose stack D dist/app/ext.polar.d.ts
5 verbose stack D dist/app/ext.polar.js
5 verbose stack D dist/app/ext.radiofield.d.ts
5 verbose stack D dist/app/ext.radiofield.js
5 verbose stack D dist/app/ext.searchfield.d.ts
5 verbose stack D dist/app/ext.searchfield.js
5 verbose stack D dist/app/ext.segmentedbutton.d.ts
5 verbose stack D dist/app/ext.segmentedbutton.js
5 verbose stack D dist/app/ext.selectfield.d.ts
5 verbose stack D dist/app/ext.selectfield.js
5 verbose stack D dist/app/ext.sheet.d.ts
5 verbose stack D dist/app/ext.sheet.js
5 verbose stack D dist/app/ext.singlesliderfield.d.ts
5 verbose stack D dist/app/ext.singlesliderfield.js
5 verbose stack D dist/app/ext.slider.d.ts
5 verbose stack D dist/app/ext.slider.js
5 verbose stack D dist/app/ext.sliderfield.d.ts
5 verbose stack D dist/app/ext.sliderfield.js
5 verbose stack D dist/app/ext.spacefilling.d.ts
5 verbose stack D dist/app/ext.spacefilling.js
5 verbose stack D dist/app/ext.spacer.d.ts
5 verbose stack D dist/app/ext.spacer.js
5 verbose stack D dist/app/ext.spinnerfield.d.ts
5 verbose stack D dist/app/ext.spinnerfield.js
5 verbose stack D dist/app/ext.surface.d.ts
5 verbose stack D dist/app/ext.surface.js
5 verbose stack D dist/app/ext.tab.d.ts
5 verbose stack D dist/app/ext.tab.js
5 verbose stack D dist/app/ext.tabbar.d.ts
5 verbose stack D dist/app/ext.tabbar.js
5 verbose stack D dist/app/ext.tabpanel.d.ts
5 verbose stack D dist/app/ext.tabpanel.js
5 verbose stack D dist/app/ext.textareafield.d.ts
5 verbose stack D dist/app/ext.textareafield.js
5 verbose stack D dist/app/ext.textareainput.d.ts
5 verbose stack D dist/app/ext.textareainput.js
5 verbose stack D dist/app/ext.textfield.d.ts
5 verbose stack D dist/app/ext.textfield.js
5 verbose stack D dist/app/ext.textinput.d.ts
5 verbose stack D dist/app/ext.textinput.js
5 verbose stack D dist/app/ext.thumb.d.ts
5 verbose stack D dist/app/ext.thumb.js
5 verbose stack D dist/app/ext.title.d.ts
5 verbose stack D dist/app/ext.title.js
5 verbose stack D dist/app/ext.titlebar.d.ts
5 verbose stack D dist/app/ext.titlebar.js
5 verbose stack D dist/app/ext.togglefield.d.ts
5 verbose stack D dist/app/ext.togglefield.js
5 verbose stack D dist/app/ext.toggleslider.d.ts
5 verbose stack D dist/app/ext.toggleslider.js
5 verbose stack D dist/app/ext.toolbar.d.ts
5 verbose stack D dist/app/ext.toolbar.js
5 verbose stack D dist/app/ext.tooltip.d.ts
5 verbose stack D dist/app/ext.tooltip.js
5 verbose stack D dist/app/ext.tree.d.ts
5 verbose stack D dist/app/ext.tree.js
5 verbose stack D dist/app/ext.treelist.d.ts
5 verbose stack D dist/app/ext.treelist.js
5 verbose stack D dist/app/ext.urlfield.d.ts
5 verbose stack D dist/app/ext.urlfield.js
5 verbose stack D dist/app/ext.video.d.ts
5 verbose stack D dist/app/ext.video.js
5 verbose stack D dist/app/ext.viewport.d.ts
5 verbose stack D dist/app/ext.viewport.js
5 verbose stack D dist/app/ext.widget.d.ts
5 verbose stack D dist/app/ext.widget.js
5 verbose stack M dist/index.d.ts
5 verbose stack M dist/index.js
5 verbose stack D dist/package.json
5 verbose stack D src/app/ext.base.ts
5 verbose stack D src/app/ext.button.ts
5 verbose stack D src/app/ext.calendar.ts
5 verbose stack D src/app/ext.calendar_day.ts
5 verbose stack D src/app/ext.calendar_days.ts
5 verbose stack D src/app/ext.calendar_daysheader.ts
5 verbose stack D src/app/ext.calendar_daysview.ts
5 verbose stack D src/app/ext.calendar_dayview.ts
5 verbose stack D src/app/ext.calendar_event.ts
5 verbose stack D src/app/ext.calendar_form_add.ts
5 verbose stack D src/app/ext.calendar_form_edit.ts
5 verbose stack D src/app/ext.calendar_list.ts
5 verbose stack D src/app/ext.calendar_month.ts
5 verbose stack D src/app/ext.calendar_monthview.ts
5 verbose stack D src/app/ext.calendar_multiview.ts
5 verbose stack D src/app/ext.calendar_week.ts
5 verbose stack D src/app/ext.calendar_weeks.ts
5 verbose stack D src/app/ext.calendar_weeksheader.ts
5 verbose stack D src/app/ext.calendar_weeksview.ts
5 verbose stack D src/app/ext.calendar_weekview.ts
5 verbose stack D src/app/ext.carousel.ts
5 verbose stack D src/app/ext.cartesian.ts
5 verbose stack D src/app/ext.checkboxfield.ts
5 verbose stack D src/app/ext.class.ts
5 verbose stack D src/app/ext.component.ts
5 verbose stack D src/app/ext.container.ts
5 verbose stack D src/app/ext.d3_canvas.ts
5 verbose stack D src/app/ext.d3_heatmap.ts
5 verbose stack D src/app/ext.d3_pack.ts
5 verbose stack D src/app/ext.d3_partition.ts
5 verbose stack D src/app/ext.d3_sunburst.ts
5 verbose stack D src/app/ext.d3_treemap.ts
5 verbose stack D src/app/ext.dataview.ts
5 verbose stack D src/app/ext.datepicker.ts
5 verbose stack D src/app/ext.datepickerfield.ts
5 verbose stack D src/app/ext.datepickernativefield.ts
5 verbose stack D src/app/ext.draw.ts
5 verbose stack D src/app/ext.emailfield.ts
5 verbose stack D src/app/ext.field.ts
5 verbose stack D src/app/ext.fieldset.ts
5 verbose stack D src/app/ext.filefield.ts
5 verbose stack D src/app/ext.fileinput.ts
5 verbose stack D src/app/ext.formpanel.ts
5 verbose stack D src/app/ext.gauge.ts
5 verbose stack D src/app/ext.grid.ts
5 verbose stack D src/app/ext.headercontainer.ts
5 verbose stack D src/app/ext.hiddenfield.ts
5 verbose stack D src/app/ext.indexbar.ts
5 verbose stack D src/app/ext.input.ts
5 verbose stack D src/app/ext.interaction.ts
5 verbose stack D src/app/ext.label.ts
5 verbose stack D src/app/ext.list.ts
5 verbose stack D src/app/ext.loadmask.ts
5 verbose stack D src/app/ext.mask.ts
5 verbose stack D src/app/ext.media.ts
5 verbose stack D src/app/ext.menu.ts
5 verbose stack D src/app/ext.messagebox.ts
5 verbose stack D src/app/ext.module.ts
5 verbose stack D src/app/ext.navigationview.ts
5 verbose stack D src/app/ext.nestedlist.ts
5 verbose stack D src/app/ext.ngcomponent.ts
5 verbose stack D src/app/ext.numberfield.ts
5 verbose stack D src/app/ext.pagingtoolbar.ts
5 verbose stack D src/app/ext.panel.ts
5 verbose stack D src/app/ext.panelheader.ts
5 verbose stack D src/app/ext.paneltitle.ts
5 verbose stack D src/app/ext.passwordfield.ts
5 verbose stack D src/app/ext.picker.ts
5 verbose stack D src/app/ext.pickerfield.ts
5 verbose stack D src/app/ext.pickerslot.ts
5 verbose stack D src/app/ext.pivotgrid.ts
5 verbose stack D src/app/ext.pivotrangeeditor.ts
5 verbose stack D src/app/ext.polar.ts
5 verbose stack D src/app/ext.radiofield.ts
5 verbose stack D src/app/ext.searchfield.ts
5 verbose stack D src/app/ext.segmentedbutton.ts
5 verbose stack D src/app/ext.selectfield.ts
5 verbose stack D src/app/ext.sheet.ts
5 verbose stack D src/app/ext.singlesliderfield.ts
5 verbose stack D src/app/ext.slider.ts
5 verbose stack D src/app/ext.sliderfield.ts
5 verbose stack D src/app/ext.spacefilling.ts
5 verbose stack D src/app/ext.spacer.ts
5 verbose stack D src/app/ext.spinnerfield.ts
5 verbose stack D src/app/ext.surface.ts
5 verbose stack D src/app/ext.tab.ts
5 verbose stack D src/app/ext.tabbar.ts
5 verbose stack D src/app/ext.tabpanel.ts
5 verbose stack D src/app/ext.textareafield.ts
5 verbose stack D src/app/ext.textareainput.ts
5 verbose stack D src/app/ext.textfield.ts
5 verbose stack D src/app/ext.textinput.ts
5 verbose stack D src/app/ext.thumb.ts
5 verbose stack D src/app/ext.title.ts
5 verbose stack D src/app/ext.titlebar.ts
5 verbose stack D src/app/ext.togglefield.ts
5 verbose stack D src/app/ext.toggleslider.ts
5 verbose stack D src/app/ext.toolbar.ts
5 verbose stack D src/app/ext.tooltip.ts
5 verbose stack D src/app/ext.tree.ts
5 verbose stack D src/app/ext.treelist.ts
5 verbose stack D src/app/ext.ts
5 verbose stack D src/app/ext.urlfield.ts
5 verbose stack D src/app/ext.video.ts
5 verbose stack D src/app/ext.viewport.ts
5 verbose stack D src/app/ext.widget.ts
5 verbose stack M src/index.ts
5 verbose stack     at /usr/local/lib/node_modules/npm/lib/version.js:247:19
5 verbose stack     at /usr/local/lib/node_modules/npm/lib/utils/no-progress-while-running.js:21:8
5 verbose stack     at ChildProcess.exithandler (child_process.js:197:7)
5 verbose stack     at emitTwo (events.js:106:13)
5 verbose stack     at ChildProcess.emit (events.js:191:7)
5 verbose stack     at maybeClose (internal/child_process.js:877:16)
5 verbose stack     at Socket.<anonymous> (internal/child_process.js:334:11)
5 verbose stack     at emitOne (events.js:96:13)
5 verbose stack     at Socket.emit (events.js:188:7)
5 verbose stack     at Pipe._handle.close [as _onclose] (net.js:493:12)
6 verbose cwd /Users/marcgusmano/ng2/angular2-extjs
7 error Darwin 15.6.0
8 error argv "/usr/local/bin/node" "/usr/local/bin/npm" "version" "patch"
9 error node v6.6.0
10 error npm  v3.10.3
11 error Git working directory not clean.
11 error M .DS_Store
11 error M all.js
11 error D dist/README.md
11 error D dist/app/ext.base.d.ts
11 error D dist/app/ext.base.js
11 error D dist/app/ext.button.d.ts
11 error D dist/app/ext.button.js
11 error D dist/app/ext.calendar.d.ts
11 error D dist/app/ext.calendar.js
11 error D dist/app/ext.calendar_day.d.ts
11 error D dist/app/ext.calendar_day.js
11 error D dist/app/ext.calendar_days.d.ts
11 error D dist/app/ext.calendar_days.js
11 error D dist/app/ext.calendar_daysheader.d.ts
11 error D dist/app/ext.calendar_daysheader.js
11 error D dist/app/ext.calendar_daysview.d.ts
11 error D dist/app/ext.calendar_daysview.js
11 error D dist/app/ext.calendar_dayview.d.ts
11 error D dist/app/ext.calendar_dayview.js
11 error D dist/app/ext.calendar_event.d.ts
11 error D dist/app/ext.calendar_event.js
11 error D dist/app/ext.calendar_form_add.d.ts
11 error D dist/app/ext.calendar_form_add.js
11 error D dist/app/ext.calendar_form_edit.d.ts
11 error D dist/app/ext.calendar_form_edit.js
11 error D dist/app/ext.calendar_list.d.ts
11 error D dist/app/ext.calendar_list.js
11 error D dist/app/ext.calendar_month.d.ts
11 error D dist/app/ext.calendar_month.js
11 error D dist/app/ext.calendar_monthview.d.ts
11 error D dist/app/ext.calendar_monthview.js
11 error D dist/app/ext.calendar_multiview.d.ts
11 error D dist/app/ext.calendar_multiview.js
11 error D dist/app/ext.calendar_week.d.ts
11 error D dist/app/ext.calendar_week.js
11 error D dist/app/ext.calendar_weeks.d.ts
11 error D dist/app/ext.calendar_weeks.js
11 error D dist/app/ext.calendar_weeksheader.d.ts
11 error D dist/app/ext.calendar_weeksheader.js
11 error D dist/app/ext.calendar_weeksview.d.ts
11 error D dist/app/ext.calendar_weeksview.js
11 error D dist/app/ext.calendar_weekview.d.ts
11 error D dist/app/ext.calendar_weekview.js
11 error D dist/app/ext.carousel.d.ts
11 error D dist/app/ext.carousel.js
11 error D dist/app/ext.cartesian.d.ts
11 error D dist/app/ext.cartesian.js
11 error D dist/app/ext.checkboxfield.d.ts
11 error D dist/app/ext.checkboxfield.js
11 error D dist/app/ext.class.d.ts
11 error D dist/app/ext.class.js
11 error D dist/app/ext.component.d.ts
11 error D dist/app/ext.component.js
11 error D dist/app/ext.container.d.ts
11 error D dist/app/ext.container.js
11 error D dist/app/ext.d.ts
11 error D dist/app/ext.d3_canvas.d.ts
11 error D dist/app/ext.d3_canvas.js
11 error D dist/app/ext.d3_heatmap.d.ts
11 error D dist/app/ext.d3_heatmap.js
11 error D dist/app/ext.d3_pack.d.ts
11 error D dist/app/ext.d3_pack.js
11 error D dist/app/ext.d3_partition.d.ts
11 error D dist/app/ext.d3_partition.js
11 error D dist/app/ext.d3_sunburst.d.ts
11 error D dist/app/ext.d3_sunburst.js
11 error D dist/app/ext.d3_treemap.d.ts
11 error D dist/app/ext.d3_treemap.js
11 error D dist/app/ext.dataview.d.ts
11 error D dist/app/ext.dataview.js
11 error D dist/app/ext.datepicker.d.ts
11 error D dist/app/ext.datepicker.js
11 error D dist/app/ext.datepickerfield.d.ts
11 error D dist/app/ext.datepickerfield.js
11 error D dist/app/ext.datepickernativefield.d.ts
11 error D dist/app/ext.datepickernativefield.js
11 error D dist/app/ext.draw.d.ts
11 error D dist/app/ext.draw.js
11 error D dist/app/ext.emailfield.d.ts
11 error D dist/app/ext.emailfield.js
11 error D dist/app/ext.field.d.ts
11 error D dist/app/ext.field.js
11 error D dist/app/ext.fieldset.d.ts
11 error D dist/app/ext.fieldset.js
11 error D dist/app/ext.filefield.d.ts
11 error D dist/app/ext.filefield.js
11 error D dist/app/ext.fileinput.d.ts
11 error D dist/app/ext.fileinput.js
11 error D dist/app/ext.formpanel.d.ts
11 error D dist/app/ext.formpanel.js
11 error D dist/app/ext.gauge.d.ts
11 error D dist/app/ext.gauge.js
11 error D dist/app/ext.grid.d.ts
11 error D dist/app/ext.grid.js
11 error D dist/app/ext.headercontainer.d.ts
11 error D dist/app/ext.headercontainer.js
11 error D dist/app/ext.hiddenfield.d.ts
11 error D dist/app/ext.hiddenfield.js
11 error D dist/app/ext.indexbar.d.ts
11 error D dist/app/ext.indexbar.js
11 error D dist/app/ext.input.d.ts
11 error D dist/app/ext.input.js
11 error D dist/app/ext.interaction.d.ts
11 error D dist/app/ext.interaction.js
11 error D dist/app/ext.js
11 error D dist/app/ext.label.d.ts
11 error D dist/app/ext.label.js
11 error D dist/app/ext.list.d.ts
11 error D dist/app/ext.list.js
11 error D dist/app/ext.loadmask.d.ts
11 error D dist/app/ext.loadmask.js
11 error D dist/app/ext.mask.d.ts
11 error D dist/app/ext.mask.js
11 error D dist/app/ext.media.d.ts
11 error D dist/app/ext.media.js
11 error D dist/app/ext.menu.d.ts
11 error D dist/app/ext.menu.js
11 error D dist/app/ext.messagebox.d.ts
11 error D dist/app/ext.messagebox.js
11 error D dist/app/ext.module.d.ts
11 error D dist/app/ext.module.js
11 error D dist/app/ext.navigationview.d.ts
11 error D dist/app/ext.navigationview.js
11 error D dist/app/ext.nestedlist.d.ts
11 error D dist/app/ext.nestedlist.js
11 error D dist/app/ext.ngcomponent.d.ts
11 error D dist/app/ext.ngcomponent.js
11 error D dist/app/ext.numberfield.d.ts
11 error D dist/app/ext.numberfield.js
11 error D dist/app/ext.pagingtoolbar.d.ts
11 error D dist/app/ext.pagingtoolbar.js
11 error D dist/app/ext.panel.d.ts
11 error D dist/app/ext.panel.js
11 error D dist/app/ext.panelheader.d.ts
11 error D dist/app/ext.panelheader.js
11 error D dist/app/ext.paneltitle.d.ts
11 error D dist/app/ext.paneltitle.js
11 error D dist/app/ext.passwordfield.d.ts
11 error D dist/app/ext.passwordfield.js
11 error D dist/app/ext.picker.d.ts
11 error D dist/app/ext.picker.js
11 error D dist/app/ext.pickerfield.d.ts
11 error D dist/app/ext.pickerfield.js
11 error D dist/app/ext.pickerslot.d.ts
11 error D dist/app/ext.pickerslot.js
11 error D dist/app/ext.pivotgrid.d.ts
11 error D dist/app/ext.pivotgrid.js
11 error D dist/app/ext.pivotrangeeditor.d.ts
11 error D dist/app/ext.pivotrangeeditor.js
11 error D dist/app/ext.polar.d.ts
11 error D dist/app/ext.polar.js
11 error D dist/app/ext.radiofield.d.ts
11 error D dist/app/ext.radiofield.js
11 error D dist/app/ext.searchfield.d.ts
11 error D dist/app/ext.searchfield.js
11 error D dist/app/ext.segmentedbutton.d.ts
11 error D dist/app/ext.segmentedbutton.js
11 error D dist/app/ext.selectfield.d.ts
11 error D dist/app/ext.selectfield.js
11 error D dist/app/ext.sheet.d.ts
11 error D dist/app/ext.sheet.js
11 error D dist/app/ext.singlesliderfield.d.ts
11 error D dist/app/ext.singlesliderfield.js
11 error D dist/app/ext.slider.d.ts
11 error D dist/app/ext.slider.js
11 error D dist/app/ext.sliderfield.d.ts
11 error D dist/app/ext.sliderfield.js
11 error D dist/app/ext.spacefilling.d.ts
11 error D dist/app/ext.spacefilling.js
11 error D dist/app/ext.spacer.d.ts
11 error D dist/app/ext.spacer.js
11 error D dist/app/ext.spinnerfield.d.ts
11 error D dist/app/ext.spinnerfield.js
11 error D dist/app/ext.surface.d.ts
11 error D dist/app/ext.surface.js
11 error D dist/app/ext.tab.d.ts
11 error D dist/app/ext.tab.js
11 error D dist/app/ext.tabbar.d.ts
11 error D dist/app/ext.tabbar.js
11 error D dist/app/ext.tabpanel.d.ts
11 error D dist/app/ext.tabpanel.js
11 error D dist/app/ext.textareafield.d.ts
11 error D dist/app/ext.textareafield.js
11 error D dist/app/ext.textareainput.d.ts
11 error D dist/app/ext.textareainput.js
11 error D dist/app/ext.textfield.d.ts
11 error D dist/app/ext.textfield.js
11 error D dist/app/ext.textinput.d.ts
11 error D dist/app/ext.textinput.js
11 error D dist/app/ext.thumb.d.ts
11 error D dist/app/ext.thumb.js
11 error D dist/app/ext.title.d.ts
11 error D dist/app/ext.title.js
11 error D dist/app/ext.titlebar.d.ts
11 error D dist/app/ext.titlebar.js
11 error D dist/app/ext.togglefield.d.ts
11 error D dist/app/ext.togglefield.js
11 error D dist/app/ext.toggleslider.d.ts
11 error D dist/app/ext.toggleslider.js
11 error D dist/app/ext.toolbar.d.ts
11 error D dist/app/ext.toolbar.js
11 error D dist/app/ext.tooltip.d.ts
11 error D dist/app/ext.tooltip.js
11 error D dist/app/ext.tree.d.ts
11 error D dist/app/ext.tree.js
11 error D dist/app/ext.treelist.d.ts
11 error D dist/app/ext.treelist.js
11 error D dist/app/ext.urlfield.d.ts
11 error D dist/app/ext.urlfield.js
11 error D dist/app/ext.video.d.ts
11 error D dist/app/ext.video.js
11 error D dist/app/ext.viewport.d.ts
11 error D dist/app/ext.viewport.js
11 error D dist/app/ext.widget.d.ts
11 error D dist/app/ext.widget.js
11 error M dist/index.d.ts
11 error M dist/index.js
11 error D dist/package.json
11 error D src/app/ext.base.ts
11 error D src/app/ext.button.ts
11 error D src/app/ext.calendar.ts
11 error D src/app/ext.calendar_day.ts
11 error D src/app/ext.calendar_days.ts
11 error D src/app/ext.calendar_daysheader.ts
11 error D src/app/ext.calendar_daysview.ts
11 error D src/app/ext.calendar_dayview.ts
11 error D src/app/ext.calendar_event.ts
11 error D src/app/ext.calendar_form_add.ts
11 error D src/app/ext.calendar_form_edit.ts
11 error D src/app/ext.calendar_list.ts
11 error D src/app/ext.calendar_month.ts
11 error D src/app/ext.calendar_monthview.ts
11 error D src/app/ext.calendar_multiview.ts
11 error D src/app/ext.calendar_week.ts
11 error D src/app/ext.calendar_weeks.ts
11 error D src/app/ext.calendar_weeksheader.ts
11 error D src/app/ext.calendar_weeksview.ts
11 error D src/app/ext.calendar_weekview.ts
11 error D src/app/ext.carousel.ts
11 error D src/app/ext.cartesian.ts
11 error D src/app/ext.checkboxfield.ts
11 error D src/app/ext.class.ts
11 error D src/app/ext.component.ts
11 error D src/app/ext.container.ts
11 error D src/app/ext.d3_canvas.ts
11 error D src/app/ext.d3_heatmap.ts
11 error D src/app/ext.d3_pack.ts
11 error D src/app/ext.d3_partition.ts
11 error D src/app/ext.d3_sunburst.ts
11 error D src/app/ext.d3_treemap.ts
11 error D src/app/ext.dataview.ts
11 error D src/app/ext.datepicker.ts
11 error D src/app/ext.datepickerfield.ts
11 error D src/app/ext.datepickernativefield.ts
11 error D src/app/ext.draw.ts
11 error D src/app/ext.emailfield.ts
11 error D src/app/ext.field.ts
11 error D src/app/ext.fieldset.ts
11 error D src/app/ext.filefield.ts
11 error D src/app/ext.fileinput.ts
11 error D src/app/ext.formpanel.ts
11 error D src/app/ext.gauge.ts
11 error D src/app/ext.grid.ts
11 error D src/app/ext.headercontainer.ts
11 error D src/app/ext.hiddenfield.ts
11 error D src/app/ext.indexbar.ts
11 error D src/app/ext.input.ts
11 error D src/app/ext.interaction.ts
11 error D src/app/ext.label.ts
11 error D src/app/ext.list.ts
11 error D src/app/ext.loadmask.ts
11 error D src/app/ext.mask.ts
11 error D src/app/ext.media.ts
11 error D src/app/ext.menu.ts
11 error D src/app/ext.messagebox.ts
11 error D src/app/ext.module.ts
11 error D src/app/ext.navigationview.ts
11 error D src/app/ext.nestedlist.ts
11 error D src/app/ext.ngcomponent.ts
11 error D src/app/ext.numberfield.ts
11 error D src/app/ext.pagingtoolbar.ts
11 error D src/app/ext.panel.ts
11 error D src/app/ext.panelheader.ts
11 error D src/app/ext.paneltitle.ts
11 error D src/app/ext.passwordfield.ts
11 error D src/app/ext.picker.ts
11 error D src/app/ext.pickerfield.ts
11 error D src/app/ext.pickerslot.ts
11 error D src/app/ext.pivotgrid.ts
11 error D src/app/ext.pivotrangeeditor.ts
11 error D src/app/ext.polar.ts
11 error D src/app/ext.radiofield.ts
11 error D src/app/ext.searchfield.ts
11 error D src/app/ext.segmentedbutton.ts
11 error D src/app/ext.selectfield.ts
11 error D src/app/ext.sheet.ts
11 error D src/app/ext.singlesliderfield.ts
11 error D src/app/ext.slider.ts
11 error D src/app/ext.sliderfield.ts
11 error D src/app/ext.spacefilling.ts
11 error D src/app/ext.spacer.ts
11 error D src/app/ext.spinnerfield.ts
11 error D src/app/ext.surface.ts
11 error D src/app/ext.tab.ts
11 error D src/app/ext.tabbar.ts
11 error D src/app/ext.tabpanel.ts
11 error D src/app/ext.textareafield.ts
11 error D src/app/ext.textareainput.ts
11 error D src/app/ext.textfield.ts
11 error D src/app/ext.textinput.ts
11 error D src/app/ext.thumb.ts
11 error D src/app/ext.title.ts
11 error D src/app/ext.titlebar.ts
11 error D src/app/ext.togglefield.ts
11 error D src/app/ext.toggleslider.ts
11 error D src/app/ext.toolbar.ts
11 error D src/app/ext.tooltip.ts
11 error D src/app/ext.tree.ts
11 error D src/app/ext.treelist.ts
11 error D src/app/ext.ts
11 error D src/app/ext.urlfield.ts
11 error D src/app/ext.video.ts
11 error D src/app/ext.viewport.ts
11 error D src/app/ext.widget.ts
11 error M src/index.ts
12 error If you need help, you may report this error at:
12 error     <https://github.com/npm/npm/issues>
13 verbose exit [ 1, true ]
